#
# There is insufficient memory for the Java Runtime Environment to continue.
# Native memory allocation (malloc) failed to allocate 32744 bytes for ChunkPool::allocate
# Possible reasons:
#   The system is out of physical RAM or swap space
#   The process is running with CompressedOops enabled, and the Java Heap may be blocking the growth of the native heap
# Possible solutions:
#   Reduce memory load on the system
#   Increase physical memory or swap space
#   Check if swap backing store is full
#   Decrease Java heap size (-Xmx/-Xms)
#   Decrease number of Java threads
#   Decrease Java thread stack sizes (-Xss)
#   Set larger code cache with -XX:ReservedCodeCacheSize=
#   JVM is running with Unscaled Compressed Oops mode in which the Java heap is
#     placed in the first 4GB address space. The Java Heap base address is the
#     maximum limit for the native heap growth. Please use -XX:HeapBaseMinAddress
#     to set the Java Heap base and to place the Java Heap above 4GB virtual address.
# This output file may be truncated or incomplete.
#
#  Out of Memory Error (arena.cpp:78), pid=11804, tid=1916
#
# JRE version: OpenJDK Runtime Environment Temurin-17.0.4.1+1 (17.0.4.1+1) (build 17.0.4.1+1)
# Java VM: OpenJDK 64-Bit Server VM Temurin-17.0.4.1+1 (17.0.4.1+1, mixed mode, tiered, compressed oops, compressed class ptrs, parallel gc, windows-amd64)
# No core dump will be written. Minidumps are not enabled by default on client versions of Windows
#

---------------  S U M M A R Y ------------

Command Line: --add-modules=ALL-SYSTEM --add-opens=java.base/java.util=ALL-UNNAMED --add-opens=java.base/java.lang=ALL-UNNAMED --add-opens=java.base/sun.nio.fs=ALL-UNNAMED -Declipse.application=org.eclipse.jdt.ls.core.id1 -Dosgi.bundles.defaultStartLevel=4 -Declipse.product=org.eclipse.jdt.ls.core.product -Djava.import.generatesMetadataFilesAtProjectRoot=false -Dfile.encoding=utf8 -DwatchParentProcess=false -XX:+UseParallelGC -XX:GCTimeRatio=4 -XX:AdaptiveSizePolicyWeight=90 -Dsun.zip.disableMemoryMapping=true -Xmx1G -Xms100m -Xlog:disable -javaagent:c:\Users\Alpay\.vscode\extensions\redhat.java-1.11.0-win32-x64\lombok\lombok-1.18.24.jar c:\Users\Alpay\.vscode\extensions\redhat.java-1.11.0-win32-x64\server\plugins\org.eclipse.equinox.launcher_1.6.400.v20210924-0641.jar -configuration c:\Users\Alpay\AppData\Roaming\Code\User\globalStorage\redhat.java\1.11.0\config_ss_win -data c:\Users\Alpay\AppData\Roaming\Code\User\workspaceStorage\bb9ba9affe0eec1115a6a8bc6b30f833\redhat.java\ss_ws

Host: Intel(R) Core(TM) i7-5500U CPU @ 2.40GHz, 4 cores, 11G,  Windows 10 , 64 bit Build 19041 (10.0.19041.1889)
Time: Sat Oct 22 22:21:13 2022 Türkiye Standart Saati elapsed time: 28.379014 seconds (0d 0h 0m 28s)

---------------  T H R E A D  ---------------

Current thread (0x00000200ecb13640):  JavaThread "C2 CompilerThread0" daemon [_thread_in_native, id=1916, stack(0x0000007cfd600000,0x0000007cfd700000)]


Current CompileTask:
C2:  28379 3806 %     4       java.util.Properties::load0 @ 141 (249 bytes)

Stack: [0x0000007cfd600000,0x0000007cfd700000]
Native frames: (J=compiled Java code, j=interpreted, Vv=VM code, C=native code)
V  [jvm.dll+0x67731a]
V  [jvm.dll+0x832284]
V  [jvm.dll+0x833a2e]
V  [jvm.dll+0x834093]
V  [jvm.dll+0x245775]
V  [jvm.dll+0xabfc0]
V  [jvm.dll+0xac30c]
V  [jvm.dll+0x582f04]
V  [jvm.dll+0x57f1b1]
V  [jvm.dll+0x57ef54]
V  [jvm.dll+0x57e198]
V  [jvm.dll+0x220892]
V  [jvm.dll+0x21a069]
V  [jvm.dll+0x21799b]
V  [jvm.dll+0x1a3f8d]
V  [jvm.dll+0x227498]
V  [jvm.dll+0x2255e5]
V  [jvm.dll+0x7e7e9b]
V  [jvm.dll+0x7e240a]
V  [jvm.dll+0x6761a5]
C  [ucrtbase.dll+0x21bb2]
C  [KERNEL32.DLL+0x17034]
C  [ntdll.dll+0x526a1]


---------------  P R O C E S S  ---------------

Threads class SMR info:
_java_thread_list=0x00000200eebaae50, length=24, elements={
0x00000200d8caeca0, 0x00000200ecad2750, 0x00000200ecad35c0, 0x00000200ecae2be0,
0x00000200ecae3a50, 0x00000200ecb0f010, 0x00000200ecb12a50, 0x00000200ecb13640,
0x00000200ecb14030, 0x00000200ee520020, 0x00000200ec9d1300, 0x00000200ee794730,
0x00000200eef5c010, 0x00000200eee58010, 0x00000200eef03310, 0x00000200eef40de0,
0x00000200f01fab10, 0x00000200eeb37250, 0x00000200eeb37720, 0x00000200eeb34230,
0x00000200eeb363e0, 0x00000200eeb34700, 0x00000200eeb34bd0, 0x00000200effd2060
}

Java Threads: ( => current thread )
  0x00000200d8caeca0 JavaThread "main" [_thread_blocked, id=23188, stack(0x0000007cfcd00000,0x0000007cfce00000)]
  0x00000200ecad2750 JavaThread "Reference Handler" daemon [_thread_blocked, id=4188, stack(0x0000007cfd000000,0x0000007cfd100000)]
  0x00000200ecad35c0 JavaThread "Finalizer" daemon [_thread_blocked, id=14008, stack(0x0000007cfd100000,0x0000007cfd200000)]
  0x00000200ecae2be0 JavaThread "Signal Dispatcher" daemon [_thread_blocked, id=23444, stack(0x0000007cfd200000,0x0000007cfd300000)]
  0x00000200ecae3a50 JavaThread "Attach Listener" daemon [_thread_blocked, id=17560, stack(0x0000007cfd300000,0x0000007cfd400000)]
  0x00000200ecb0f010 JavaThread "Service Thread" daemon [_thread_blocked, id=25080, stack(0x0000007cfd400000,0x0000007cfd500000)]
  0x00000200ecb12a50 JavaThread "Monitor Deflation Thread" daemon [_thread_blocked, id=25996, stack(0x0000007cfd500000,0x0000007cfd600000)]
=>0x00000200ecb13640 JavaThread "C2 CompilerThread0" daemon [_thread_in_native, id=1916, stack(0x0000007cfd600000,0x0000007cfd700000)]
  0x00000200ecb14030 JavaThread "C1 CompilerThread0" daemon [_thread_blocked, id=20100, stack(0x0000007cfd700000,0x0000007cfd800000)]
  0x00000200ee520020 JavaThread "Sweeper thread" daemon [_thread_blocked, id=4648, stack(0x0000007cfd800000,0x0000007cfd900000)]
  0x00000200ec9d1300 JavaThread "Common-Cleaner" daemon [_thread_blocked, id=12616, stack(0x0000007cfd900000,0x0000007cfda00000)]
  0x00000200ee794730 JavaThread "Notification Thread" daemon [_thread_blocked, id=2004, stack(0x0000007cfda00000,0x0000007cfdb00000)]
  0x00000200eef5c010 JavaThread "Active Thread: Equinox Container: 6aa67084-adb1-4c51-9cf1-c16b8f83d387" [_thread_blocked, id=26284, stack(0x0000007cfe300000,0x0000007cfe400000)]
  0x00000200eee58010 JavaThread "Framework Event Dispatcher: Equinox Container: 6aa67084-adb1-4c51-9cf1-c16b8f83d387" daemon [_thread_blocked, id=20768, stack(0x0000007cfe400000,0x0000007cfe500000)]
  0x00000200eef03310 JavaThread "Start Level: Equinox Container: 6aa67084-adb1-4c51-9cf1-c16b8f83d387" daemon [_thread_blocked, id=19880, stack(0x0000007cfe500000,0x0000007cfe600000)]
  0x00000200eef40de0 JavaThread "Refresh Thread: Equinox Container: 6aa67084-adb1-4c51-9cf1-c16b8f83d387" daemon [_thread_blocked, id=26448, stack(0x0000007cfe700000,0x0000007cfe800000)]
  0x00000200f01fab10 JavaThread "SCR Component Actor" daemon [_thread_blocked, id=26148, stack(0x0000007cfe800000,0x0000007cfe900000)]
  0x00000200eeb37250 JavaThread "Worker-JM" [_thread_blocked, id=21272, stack(0x0000007cfe600000,0x0000007cfe700000)]
  0x00000200eeb37720 JavaThread "Worker-0" [_thread_blocked, id=12360, stack(0x0000007cfea00000,0x0000007cfeb00000)]
  0x00000200eeb34230 JavaThread "Worker-1" [_thread_blocked, id=22532, stack(0x0000007cfeb00000,0x0000007cfec00000)]
  0x00000200eeb363e0 JavaThread "Worker-2: Initialize Workspace" [_thread_in_vm, id=7372, stack(0x0000007cfed00000,0x0000007cfee00000)]
  0x00000200eeb34700 JavaThread "pool-1-thread-1" [_thread_blocked, id=10292, stack(0x0000007cfe900000,0x0000007cfea00000)]
  0x00000200eeb34bd0 JavaThread "Worker-3" [_thread_blocked, id=15108, stack(0x0000007cfdf00000,0x0000007cfe000000)]
  0x00000200effd2060 JavaThread "C2 CompilerThread1" daemon [_thread_blocked, id=6096, stack(0x0000007cfe000000,0x0000007cfe100000)]

Other Threads:
  0x00000200ecabb020 VMThread "VM Thread" [stack: 0x0000007cfcf00000,0x0000007cfd000000] [id=26272]
  0x00000200ee794c00 WatcherThread [stack: 0x0000007cfdb00000,0x0000007cfdc00000] [id=9520]
  0x00000200d8cc49c0 GCTaskThread "GC Thread#0" [stack: 0x0000007cfce00000,0x0000007cfcf00000] [id=20348]
  0x00000200eed9f560 GCTaskThread "GC Thread#1" [stack: 0x0000007cfdc00000,0x0000007cfdd00000] [id=23848]
  0x00000200ee9d3010 GCTaskThread "GC Thread#2" [stack: 0x0000007cfdd00000,0x0000007cfde00000] [id=13104]
  0x00000200eed9f810 GCTaskThread "GC Thread#3" [stack: 0x0000007cfde00000,0x0000007cfdf00000] [id=9656]

Threads with active compile tasks:
C2 CompilerThread0    28961 3806 %     4       java.util.Properties::load0 @ 141 (249 bytes)

VM state: not at safepoint (normal execution)

VM Mutex/Monitor currently owned by a thread: None

Heap address: 0x00000000c0000000, size: 1024 MB, Compressed Oops mode: 32-bit

CDS archive(s) not mapped
Compressed class space mapped at: 0x0000000100000000-0x0000000140000000, reserved size: 1073741824
Narrow klass base: 0x0000000000000000, Narrow klass shift: 3, Narrow klass range: 0x140000000

GC Precious Log:
 CPUs: 4 total, 4 available
 Memory: 12202M
 Large Page Support: Disabled
 NUMA Support: Disabled
 Compressed Oops: Enabled (32-bit)
 Alignments: Space 512K, Generation 512K, Heap 2M
 Heap Min Capacity: 100M
 Heap Initial Capacity: 100M
 Heap Max Capacity: 1G
 Pre-touch: Disabled
 Parallel Workers: 4

Heap:
 PSYoungGen      total 25600K, used 11261K [0x00000000eab00000, 0x00000000ec780000, 0x0000000100000000)
  eden space 24064K, 46% used [0x00000000eab00000,0x00000000eb5ff770,0x00000000ec280000)
  from space 1536K, 0% used [0x00000000ec600000,0x00000000ec600000,0x00000000ec780000)
  to   space 2560K, 0% used [0x00000000ec280000,0x00000000ec280000,0x00000000ec500000)
 ParOldGen       total 68608K, used 11050K [0x00000000c0000000, 0x00000000c4300000, 0x00000000eab00000)
  object space 68608K, 16% used [0x00000000c0000000,0x00000000c0aca850,0x00000000c4300000)
 Metaspace       used 36283K, committed 36864K, reserved 1089536K
  class space    used 3666K, committed 3904K, reserved 1048576K

Card table byte_map: [0x00000200d86a0000,0x00000200d88b0000] _byte_map_base: 0x00000200d80a0000

Marking Bits: (ParMarkBitMap*) 0x00007ffd9f162cc0
 Begin Bits: [0x00000200ea950000, 0x00000200eb950000)
 End Bits:   [0x00000200eb950000, 0x00000200ec950000)

Polling page: 0x00000200d8490000

Metaspace:

Usage:
  Non-class:     31.85 MB used.
      Class:      3.58 MB used.
       Both:     35.43 MB used.

Virtual space:
  Non-class space:       40.00 MB reserved,      32.19 MB ( 80%) committed,  5 nodes.
      Class space:        1.00 GB reserved,       3.81 MB ( <1%) committed,  1 nodes.
             Both:        1.04 GB reserved,      36.00 MB (  3%) committed. 

Chunk freelists:
   Non-Class:  3.84 MB
       Class:  64.00 KB
        Both:  3.91 MB

MaxMetaspaceSize: unlimited
CompressedClassSpaceSize: 1.00 GB
Initial GC threshold: 21.00 MB
Current GC threshold: 58.38 MB
CDS: off
MetaspaceReclaimPolicy: balanced
 - commit_granule_bytes: 65536.
 - commit_granule_words: 8192.
 - virtual_space_node_default_size: 1048576.
 - enlarge_chunks_in_place: 1.
 - new_chunks_are_fully_committed: 0.
 - uncommit_free_chunks: 1.
 - use_allocation_guard: 0.
 - handle_deallocations: 1.


Internal statistics:

num_allocs_failed_limit: 6.
num_arena_births: 258.
num_arena_deaths: 14.
num_vsnodes_births: 6.
num_vsnodes_deaths: 0.
num_space_committed: 576.
num_space_uncommitted: 0.
num_chunks_returned_to_freelist: 20.
num_chunks_taken_from_freelist: 1298.
num_chunk_merges: 7.
num_chunk_splits: 868.
num_chunks_enlarged: 631.
num_purges: 2.
num_inconsistent_stats: 0.

CodeHeap 'non-profiled nmethods': size=120000Kb used=1613Kb max_used=1613Kb free=118386Kb
 bounds [0x00000200e3420000, 0x00000200e3690000, 0x00000200ea950000]
CodeHeap 'profiled nmethods': size=120000Kb used=8187Kb max_used=8187Kb free=111812Kb
 bounds [0x00000200dbef0000, 0x00000200dc6f0000, 0x00000200e3420000]
CodeHeap 'non-nmethods': size=5760Kb used=1254Kb max_used=1281Kb free=4505Kb
 bounds [0x00000200db950000, 0x00000200dbbc0000, 0x00000200dbef0000]
 total_blobs=4434 nmethods=3863 adapters=485
 compilation: enabled
              stopped_count=0, restarted_count=0
 full_count=0

Compilation events (20 events):
Event: 22.534 Thread 0x00000200ecb14030 nmethod 3797 0x00000200dc6c5490 code [0x00000200dc6c5760, 0x00000200dc6c6608]
Event: 22.536 Thread 0x00000200ecb14030 3798  s    3       jdk.internal.jimage.ImageReader$SharedImageReader::findNode (36 bytes)
Event: 22.537 Thread 0x00000200ecb14030 nmethod 3798 0x00000200dc6c6b90 code [0x00000200dc6c6d80, 0x00000200dc6c72b8]
Event: 25.399 Thread 0x00000200ecb14030 3799       3       java.util.HashSet::size (8 bytes)
Event: 25.400 Thread 0x00000200ecb14030 nmethod 3799 0x00000200dc6c7410 code [0x00000200dc6c75a0, 0x00000200dc6c7758]
Event: 28.275 Thread 0x00000200ecb14030 3800       3       jdk.internal.loader.BuiltinClassLoader::findResources (182 bytes)
Event: 28.281 Thread 0x00000200ecb14030 nmethod 3800 0x00000200dc6c7810 code [0x00000200dc6c7c20, 0x00000200dc6c9b08]
Event: 28.281 Thread 0x00000200ecb14030 3804       3       com.sun.org.apache.xerces.internal.dom.DeferredDocumentImpl::getLastChild (7 bytes)
Event: 28.281 Thread 0x00000200ecb14030 nmethod 3804 0x00000200dc6ca790 code [0x00000200dc6ca940, 0x00000200dc6caa88]
Event: 28.281 Thread 0x00000200ecb14030 3805       3       com.sun.org.apache.xerces.internal.dom.DeferredDocumentImpl::getLastChild (49 bytes)
Event: 28.282 Thread 0x00000200ecb14030 nmethod 3805 0x00000200dc6cab10 code [0x00000200dc6cace0, 0x00000200dc6cb008]
Event: 28.282 Thread 0x00000200ecb14030 3803   !   3       jdk.internal.loader.BuiltinClassLoader::findMiscResource (122 bytes)
Event: 28.283 Thread 0x00000200ecb14030 nmethod 3803 0x00000200dc6cb190 code [0x00000200dc6cb420, 0x00000200dc6cc4c8]
Event: 28.283 Thread 0x00000200ecb14030 3802       3       jdk.internal.loader.BuiltinClassLoader$1::<init> (33 bytes)
Event: 28.283 Thread 0x00000200ecb14030 nmethod 3802 0x00000200dc6cc990 code [0x00000200dc6ccb40, 0x00000200dc6ccdc8]
Event: 28.283 Thread 0x00000200ecb14030 3801       3       jdk.internal.loader.BuiltinClassLoader::findResourcesOnClassPath (43 bytes)
Event: 28.284 Thread 0x00000200ecb14030 nmethod 3801 0x00000200dc6ccf10 code [0x00000200dc6cd160, 0x00000200dc6cda78]
Event: 28.343 Thread 0x00000200ecb13640 3806 %     4       java.util.Properties::load0 @ 141 (249 bytes)
Event: 28.344 Thread 0x00000200ecb14030 3807       3       java.lang.ref.WeakReference::<init> (7 bytes)
Event: 28.344 Thread 0x00000200ecb14030 nmethod 3807 0x00000200dc6cdd90 code [0x00000200dc6cdf40, 0x00000200dc6ce1b8]

GC Heap History (20 events):
Event: 5.094 GC heap before
{Heap before GC invocations=1 (full 0):
 PSYoungGen      total 29696K, used 25600K [0x00000000eab00000, 0x00000000ecc00000, 0x0000000100000000)
  eden space 25600K, 100% used [0x00000000eab00000,0x00000000ec400000,0x00000000ec400000)
  from space 4096K, 0% used [0x00000000ec800000,0x00000000ec800000,0x00000000ecc00000)
  to   space 4096K, 0% used [0x00000000ec400000,0x00000000ec400000,0x00000000ec800000)
 ParOldGen       total 68608K, used 0K [0x00000000c0000000, 0x00000000c4300000, 0x00000000eab00000)
  object space 68608K, 0% used [0x00000000c0000000,0x00000000c0000000,0x00000000c4300000)
 Metaspace       used 10901K, committed 11072K, reserved 1064960K
  class space    used 1101K, committed 1216K, reserved 1048576K
}
Event: 5.103 GC heap after
{Heap after GC invocations=1 (full 0):
 PSYoungGen      total 29696K, used 3233K [0x00000000eab00000, 0x00000000ecc00000, 0x0000000100000000)
  eden space 25600K, 0% used [0x00000000eab00000,0x00000000eab00000,0x00000000ec400000)
  from space 4096K, 78% used [0x00000000ec400000,0x00000000ec728690,0x00000000ec800000)
  to   space 4096K, 0% used [0x00000000ec800000,0x00000000ec800000,0x00000000ecc00000)
 ParOldGen       total 68608K, used 16K [0x00000000c0000000, 0x00000000c4300000, 0x00000000eab00000)
  object space 68608K, 0% used [0x00000000c0000000,0x00000000c0004000,0x00000000c4300000)
 Metaspace       used 10901K, committed 11072K, reserved 1064960K
  class space    used 1101K, committed 1216K, reserved 1048576K
}
Event: 10.287 GC heap before
{Heap before GC invocations=2 (full 0):
 PSYoungGen      total 29696K, used 28833K [0x00000000eab00000, 0x00000000ecc00000, 0x0000000100000000)
  eden space 25600K, 100% used [0x00000000eab00000,0x00000000ec400000,0x00000000ec400000)
  from space 4096K, 78% used [0x00000000ec400000,0x00000000ec728690,0x00000000ec800000)
  to   space 4096K, 0% used [0x00000000ec800000,0x00000000ec800000,0x00000000ecc00000)
 ParOldGen       total 68608K, used 16K [0x00000000c0000000, 0x00000000c4300000, 0x00000000eab00000)
  object space 68608K, 0% used [0x00000000c0000000,0x00000000c0004000,0x00000000c4300000)
 Metaspace       used 13697K, committed 13888K, reserved 1064960K
  class space    used 1372K, committed 1472K, reserved 1048576K
}
Event: 10.292 GC heap after
{Heap after GC invocations=2 (full 0):
 PSYoungGen      total 29696K, used 4064K [0x00000000eab00000, 0x00000000ecc00000, 0x0000000100000000)
  eden space 25600K, 0% used [0x00000000eab00000,0x00000000eab00000,0x00000000ec400000)
  from space 4096K, 99% used [0x00000000ec800000,0x00000000ecbf8328,0x00000000ecc00000)
  to   space 4096K, 0% used [0x00000000ec400000,0x00000000ec400000,0x00000000ec800000)
 ParOldGen       total 68608K, used 1170K [0x00000000c0000000, 0x00000000c4300000, 0x00000000eab00000)
  object space 68608K, 1% used [0x00000000c0000000,0x00000000c0124868,0x00000000c4300000)
 Metaspace       used 13697K, committed 13888K, reserved 1064960K
  class space    used 1372K, committed 1472K, reserved 1048576K
}
Event: 11.752 GC heap before
{Heap before GC invocations=3 (full 0):
 PSYoungGen      total 29696K, used 29664K [0x00000000eab00000, 0x00000000ecc00000, 0x0000000100000000)
  eden space 25600K, 100% used [0x00000000eab00000,0x00000000ec400000,0x00000000ec400000)
  from space 4096K, 99% used [0x00000000ec800000,0x00000000ecbf8328,0x00000000ecc00000)
  to   space 4096K, 0% used [0x00000000ec400000,0x00000000ec400000,0x00000000ec800000)
 ParOldGen       total 68608K, used 1170K [0x00000000c0000000, 0x00000000c4300000, 0x00000000eab00000)
  object space 68608K, 1% used [0x00000000c0000000,0x00000000c0124868,0x00000000c4300000)
 Metaspace       used 16821K, committed 17088K, reserved 1064960K
  class space    used 1731K, committed 1856K, reserved 1048576K
}
Event: 11.757 GC heap after
{Heap after GC invocations=3 (full 0):
 PSYoungGen      total 29696K, used 4093K [0x00000000eab00000, 0x00000000ecc00000, 0x0000000100000000)
  eden space 25600K, 0% used [0x00000000eab00000,0x00000000eab00000,0x00000000ec400000)
  from space 4096K, 99% used [0x00000000ec400000,0x00000000ec7ff488,0x00000000ec800000)
  to   space 4096K, 0% used [0x00000000ec800000,0x00000000ec800000,0x00000000ecc00000)
 ParOldGen       total 68608K, used 2607K [0x00000000c0000000, 0x00000000c4300000, 0x00000000eab00000)
  object space 68608K, 3% used [0x00000000c0000000,0x00000000c028bd60,0x00000000c4300000)
 Metaspace       used 16821K, committed 17088K, reserved 1064960K
  class space    used 1731K, committed 1856K, reserved 1048576K
}
Event: 14.154 GC heap before
{Heap before GC invocations=4 (full 0):
 PSYoungGen      total 29696K, used 27210K [0x00000000eab00000, 0x00000000ecc00000, 0x0000000100000000)
  eden space 25600K, 90% used [0x00000000eab00000,0x00000000ec1934b0,0x00000000ec400000)
  from space 4096K, 99% used [0x00000000ec400000,0x00000000ec7ff488,0x00000000ec800000)
  to   space 4096K, 0% used [0x00000000ec800000,0x00000000ec800000,0x00000000ecc00000)
 ParOldGen       total 68608K, used 2607K [0x00000000c0000000, 0x00000000c4300000, 0x00000000eab00000)
  object space 68608K, 3% used [0x00000000c0000000,0x00000000c028bd60,0x00000000c4300000)
 Metaspace       used 21200K, committed 21504K, reserved 1073152K
  class space    used 2151K, committed 2304K, reserved 1048576K
}
Event: 14.161 GC heap after
{Heap after GC invocations=4 (full 0):
 PSYoungGen      total 29696K, used 4076K [0x00000000eab00000, 0x00000000ecc00000, 0x0000000100000000)
  eden space 25600K, 0% used [0x00000000eab00000,0x00000000eab00000,0x00000000ec400000)
  from space 4096K, 99% used [0x00000000ec800000,0x00000000ecbfb220,0x00000000ecc00000)
  to   space 4096K, 0% used [0x00000000ec400000,0x00000000ec400000,0x00000000ec800000)
 ParOldGen       total 68608K, used 4678K [0x00000000c0000000, 0x00000000c4300000, 0x00000000eab00000)
  object space 68608K, 6% used [0x00000000c0000000,0x00000000c0491a20,0x00000000c4300000)
 Metaspace       used 21200K, committed 21504K, reserved 1073152K
  class space    used 2151K, committed 2304K, reserved 1048576K
}
Event: 14.161 GC heap before
{Heap before GC invocations=5 (full 1):
 PSYoungGen      total 29696K, used 4076K [0x00000000eab00000, 0x00000000ecc00000, 0x0000000100000000)
  eden space 25600K, 0% used [0x00000000eab00000,0x00000000eab00000,0x00000000ec400000)
  from space 4096K, 99% used [0x00000000ec800000,0x00000000ecbfb220,0x00000000ecc00000)
  to   space 4096K, 0% used [0x00000000ec400000,0x00000000ec400000,0x00000000ec800000)
 ParOldGen       total 68608K, used 4678K [0x00000000c0000000, 0x00000000c4300000, 0x00000000eab00000)
  object space 68608K, 6% used [0x00000000c0000000,0x00000000c0491a20,0x00000000c4300000)
 Metaspace       used 21200K, committed 21504K, reserved 1073152K
  class space    used 2151K, committed 2304K, reserved 1048576K
}
Event: 14.200 GC heap after
{Heap after GC invocations=5 (full 1):
 PSYoungGen      total 29696K, used 0K [0x00000000eab00000, 0x00000000ecc00000, 0x0000000100000000)
  eden space 25600K, 0% used [0x00000000eab00000,0x00000000eab00000,0x00000000ec400000)
  from space 4096K, 0% used [0x00000000ec800000,0x00000000ec800000,0x00000000ecc00000)
  to   space 4096K, 0% used [0x00000000ec400000,0x00000000ec400000,0x00000000ec800000)
 ParOldGen       total 68608K, used 8573K [0x00000000c0000000, 0x00000000c4300000, 0x00000000eab00000)
  object space 68608K, 12% used [0x00000000c0000000,0x00000000c085f6d8,0x00000000c4300000)
 Metaspace       used 21186K, committed 21504K, reserved 1073152K
  class space    used 2147K, committed 2304K, reserved 1048576K
}
Event: 14.943 GC heap before
{Heap before GC invocations=6 (full 1):
 PSYoungGen      total 29696K, used 25600K [0x00000000eab00000, 0x00000000ecc00000, 0x0000000100000000)
  eden space 25600K, 100% used [0x00000000eab00000,0x00000000ec400000,0x00000000ec400000)
  from space 4096K, 0% used [0x00000000ec800000,0x00000000ec800000,0x00000000ecc00000)
  to   space 4096K, 0% used [0x00000000ec400000,0x00000000ec400000,0x00000000ec800000)
 ParOldGen       total 68608K, used 8573K [0x00000000c0000000, 0x00000000c4300000, 0x00000000eab00000)
  object space 68608K, 12% used [0x00000000c0000000,0x00000000c085f6d8,0x00000000c4300000)
 Metaspace       used 24598K, committed 25024K, reserved 1073152K
  class space    used 2415K, committed 2624K, reserved 1048576K
}
Event: 14.947 GC heap after
{Heap after GC invocations=6 (full 1):
 PSYoungGen      total 25600K, used 273K [0x00000000eab00000, 0x00000000ec880000, 0x0000000100000000)
  eden space 25088K, 0% used [0x00000000eab00000,0x00000000eab00000,0x00000000ec380000)
  from space 512K, 53% used [0x00000000ec400000,0x00000000ec4446d0,0x00000000ec480000)
  to   space 2560K, 0% used [0x00000000ec600000,0x00000000ec600000,0x00000000ec880000)
 ParOldGen       total 68608K, used 8581K [0x00000000c0000000, 0x00000000c4300000, 0x00000000eab00000)
  object space 68608K, 12% used [0x00000000c0000000,0x00000000c08616d8,0x00000000c4300000)
 Metaspace       used 24598K, committed 25024K, reserved 1073152K
  class space    used 2415K, committed 2624K, reserved 1048576K
}
Event: 16.683 GC heap before
{Heap before GC invocations=7 (full 1):
 PSYoungGen      total 25600K, used 25361K [0x00000000eab00000, 0x00000000ec880000, 0x0000000100000000)
  eden space 25088K, 100% used [0x00000000eab00000,0x00000000ec380000,0x00000000ec380000)
  from space 512K, 53% used [0x00000000ec400000,0x00000000ec4446d0,0x00000000ec480000)
  to   space 2560K, 0% used [0x00000000ec600000,0x00000000ec600000,0x00000000ec880000)
 ParOldGen       total 68608K, used 8581K [0x00000000c0000000, 0x00000000c4300000, 0x00000000eab00000)
  object space 68608K, 12% used [0x00000000c0000000,0x00000000c08616d8,0x00000000c4300000)
 Metaspace       used 27580K, committed 28096K, reserved 1081344K
  class space    used 2651K, committed 2880K, reserved 1048576K
}
Event: 16.684 GC heap after
{Heap after GC invocations=7 (full 1):
 PSYoungGen      total 26112K, used 1051K [0x00000000eab00000, 0x00000000ec780000, 0x0000000100000000)
  eden space 24576K, 0% used [0x00000000eab00000,0x00000000eab00000,0x00000000ec300000)
  from space 1536K, 68% used [0x00000000ec600000,0x00000000ec706f38,0x00000000ec780000)
  to   space 1536K, 0% used [0x00000000ec480000,0x00000000ec480000,0x00000000ec600000)
 ParOldGen       total 68608K, used 8589K [0x00000000c0000000, 0x00000000c4300000, 0x00000000eab00000)
  object space 68608K, 12% used [0x00000000c0000000,0x00000000c08636d8,0x00000000c4300000)
 Metaspace       used 27580K, committed 28096K, reserved 1081344K
  class space    used 2651K, committed 2880K, reserved 1048576K
}
Event: 19.603 GC heap before
{Heap before GC invocations=8 (full 1):
 PSYoungGen      total 26112K, used 25627K [0x00000000eab00000, 0x00000000ec780000, 0x0000000100000000)
  eden space 24576K, 100% used [0x00000000eab00000,0x00000000ec300000,0x00000000ec300000)
  from space 1536K, 68% used [0x00000000ec600000,0x00000000ec706f38,0x00000000ec780000)
  to   space 1536K, 0% used [0x00000000ec480000,0x00000000ec480000,0x00000000ec600000)
 ParOldGen       total 68608K, used 8589K [0x00000000c0000000, 0x00000000c4300000, 0x00000000eab00000)
  object space 68608K, 12% used [0x00000000c0000000,0x00000000c08636d8,0x00000000c4300000)
 Metaspace       used 32299K, committed 32896K, reserved 1081344K
  class space    used 3230K, committed 3456K, reserved 1048576K
}
Event: 19.605 GC heap after
{Heap after GC invocations=8 (full 1):
 PSYoungGen      total 25600K, used 1531K [0x00000000eab00000, 0x00000000ec780000, 0x0000000100000000)
  eden space 24064K, 0% used [0x00000000eab00000,0x00000000eab00000,0x00000000ec280000)
  from space 1536K, 99% used [0x00000000ec480000,0x00000000ec5fef38,0x00000000ec600000)
  to   space 1536K, 0% used [0x00000000ec600000,0x00000000ec600000,0x00000000ec780000)
 ParOldGen       total 68608K, used 9021K [0x00000000c0000000, 0x00000000c4300000, 0x00000000eab00000)
  object space 68608K, 13% used [0x00000000c0000000,0x00000000c08cf508,0x00000000c4300000)
 Metaspace       used 32299K, committed 32896K, reserved 1081344K
  class space    used 3230K, committed 3456K, reserved 1048576K
}
Event: 21.780 GC heap before
{Heap before GC invocations=9 (full 1):
 PSYoungGen      total 25600K, used 21440K [0x00000000eab00000, 0x00000000ec780000, 0x0000000100000000)
  eden space 24064K, 82% used [0x00000000eab00000,0x00000000ebe713b8,0x00000000ec280000)
  from space 1536K, 99% used [0x00000000ec480000,0x00000000ec5fef38,0x00000000ec600000)
  to   space 1536K, 0% used [0x00000000ec600000,0x00000000ec600000,0x00000000ec780000)
 ParOldGen       total 68608K, used 9021K [0x00000000c0000000, 0x00000000c4300000, 0x00000000eab00000)
  object space 68608K, 13% used [0x00000000c0000000,0x00000000c08cf508,0x00000000c4300000)
 Metaspace       used 35320K, committed 35840K, reserved 1081344K
  class space    used 3554K, committed 3776K, reserved 1048576K
}
Event: 21.784 GC heap after
{Heap after GC invocations=9 (full 1):
 PSYoungGen      total 25600K, used 1531K [0x00000000eab00000, 0x00000000ec780000, 0x0000000100000000)
  eden space 24064K, 0% used [0x00000000eab00000,0x00000000eab00000,0x00000000ec280000)
  from space 1536K, 99% used [0x00000000ec600000,0x00000000ec77ef38,0x00000000ec780000)
  to   space 2560K, 0% used [0x00000000ec280000,0x00000000ec280000,0x00000000ec500000)
 ParOldGen       total 68608K, used 9741K [0x00000000c0000000, 0x00000000c4300000, 0x00000000eab00000)
  object space 68608K, 14% used [0x00000000c0000000,0x00000000c0983588,0x00000000c4300000)
 Metaspace       used 35320K, committed 35840K, reserved 1081344K
  class space    used 3554K, committed 3776K, reserved 1048576K
}
Event: 21.784 GC heap before
{Heap before GC invocations=10 (full 2):
 PSYoungGen      total 25600K, used 1531K [0x00000000eab00000, 0x00000000ec780000, 0x0000000100000000)
  eden space 24064K, 0% used [0x00000000eab00000,0x00000000eab00000,0x00000000ec280000)
  from space 1536K, 99% used [0x00000000ec600000,0x00000000ec77ef38,0x00000000ec780000)
  to   space 2560K, 0% used [0x00000000ec280000,0x00000000ec280000,0x00000000ec500000)
 ParOldGen       total 68608K, used 9741K [0x00000000c0000000, 0x00000000c4300000, 0x00000000eab00000)
  object space 68608K, 14% used [0x00000000c0000000,0x00000000c0983588,0x00000000c4300000)
 Metaspace       used 35320K, committed 35840K, reserved 1081344K
  class space    used 3554K, committed 3776K, reserved 1048576K
}
Event: 21.824 GC heap after
{Heap after GC invocations=10 (full 2):
 PSYoungGen      total 25600K, used 0K [0x00000000eab00000, 0x00000000ec780000, 0x0000000100000000)
  eden space 24064K, 0% used [0x00000000eab00000,0x00000000eab00000,0x00000000ec280000)
  from space 1536K, 0% used [0x00000000ec600000,0x00000000ec600000,0x00000000ec780000)
  to   space 2560K, 0% used [0x00000000ec280000,0x00000000ec280000,0x00000000ec500000)
 ParOldGen       total 68608K, used 11050K [0x00000000c0000000, 0x00000000c4300000, 0x00000000eab00000)
  object space 68608K, 16% used [0x00000000c0000000,0x00000000c0aca850,0x00000000c4300000)
 Metaspace       used 35320K, committed 35840K, reserved 1081344K
  class space    used 3554K, committed 3776K, reserved 1048576K
}

Deoptimization events (20 events):
Event: 20.217 Thread 0x00000200eeb37720 Uncommon trap: trap_request=0xffffffbe fr.pc=0x00000200e3573e70 relative=0x0000000000000c70
Event: 20.217 Thread 0x00000200eeb37720 Uncommon trap: reason=profile_predicate action=maybe_recompile pc=0x00000200e3573e70 method=java.util.TreeMap.put(Ljava/lang/Object;Ljava/lang/Object;Z)Ljava/lang/Object; @ 27 c2
Event: 20.217 Thread 0x00000200eeb37720 DEOPT PACKING pc=0x00000200e3573e70 sp=0x0000007cfeafe210
Event: 20.217 Thread 0x00000200eeb37720 DEOPT UNPACKING pc=0x00000200db9a20a3 sp=0x0000007cfeafe1b0 mode 2
Event: 20.217 Thread 0x00000200eeb37720 Uncommon trap: trap_request=0xffffffbe fr.pc=0x00000200e3573e70 relative=0x0000000000000c70
Event: 20.217 Thread 0x00000200eeb37720 Uncommon trap: reason=profile_predicate action=maybe_recompile pc=0x00000200e3573e70 method=java.util.TreeMap.put(Ljava/lang/Object;Ljava/lang/Object;Z)Ljava/lang/Object; @ 27 c2
Event: 20.217 Thread 0x00000200eeb37720 DEOPT PACKING pc=0x00000200e3573e70 sp=0x0000007cfeafe210
Event: 20.217 Thread 0x00000200eeb37720 DEOPT UNPACKING pc=0x00000200db9a20a3 sp=0x0000007cfeafe1b0 mode 2
Event: 20.217 Thread 0x00000200eeb37720 Uncommon trap: trap_request=0xffffffbe fr.pc=0x00000200e3573e70 relative=0x0000000000000c70
Event: 20.217 Thread 0x00000200eeb37720 Uncommon trap: reason=profile_predicate action=maybe_recompile pc=0x00000200e3573e70 method=java.util.TreeMap.put(Ljava/lang/Object;Ljava/lang/Object;Z)Ljava/lang/Object; @ 27 c2
Event: 20.217 Thread 0x00000200eeb37720 DEOPT PACKING pc=0x00000200e3573e70 sp=0x0000007cfeafe210
Event: 20.217 Thread 0x00000200eeb37720 DEOPT UNPACKING pc=0x00000200db9a20a3 sp=0x0000007cfeafe1b0 mode 2
Event: 21.390 Thread 0x00000200eeb363e0 DEOPT PACKING pc=0x00000200dc2e9f88 sp=0x0000007cfedfe530
Event: 21.390 Thread 0x00000200eeb363e0 DEOPT UNPACKING pc=0x00000200db9a2843 sp=0x0000007cfedfda38 mode 0
Event: 22.533 Thread 0x00000200eeb363e0 Uncommon trap: trap_request=0xffffff45 fr.pc=0x00000200e35ad3c4 relative=0x00000000000005a4
Event: 22.533 Thread 0x00000200eeb363e0 Uncommon trap: reason=unstable_if action=reinterpret pc=0x00000200e35ad3c4 method=jdk.internal.jimage.ImageReader$SharedImageReader.findNode(Ljava/lang/String;)Ljdk/internal/jimage/ImageReader$Node; @ 25 c2
Event: 22.533 Thread 0x00000200eeb363e0 DEOPT PACKING pc=0x00000200e35ad3c4 sp=0x0000007cfedfdfa0
Event: 22.533 Thread 0x00000200eeb363e0 DEOPT UNPACKING pc=0x00000200db9a20a3 sp=0x0000007cfedfdf78 mode 2
Event: 28.343 Thread 0x00000200eeb34230 DEOPT PACKING pc=0x00000200dc5e929e sp=0x0000007cfebfd790
Event: 28.343 Thread 0x00000200eeb34230 DEOPT UNPACKING pc=0x00000200db9a2843 sp=0x0000007cfebfcc88 mode 0

Classes unloaded (7 events):
Event: 14.169 Thread 0x00000200ecabb020 Unloading class 0x0000000100210000 'java/lang/invoke/LambdaForm$MH+0x0000000100210000'
Event: 14.169 Thread 0x00000200ecabb020 Unloading class 0x000000010020fc00 'java/lang/invoke/LambdaForm$MH+0x000000010020fc00'
Event: 14.169 Thread 0x00000200ecabb020 Unloading class 0x000000010020f800 'java/lang/invoke/LambdaForm$MH+0x000000010020f800'
Event: 14.169 Thread 0x00000200ecabb020 Unloading class 0x000000010020f000 'java/lang/invoke/LambdaForm$MH+0x000000010020f000'
Event: 14.169 Thread 0x00000200ecabb020 Unloading class 0x000000010020ec00 'java/lang/invoke/LambdaForm$BMH+0x000000010020ec00'
Event: 14.169 Thread 0x00000200ecabb020 Unloading class 0x000000010020e800 'java/lang/invoke/LambdaForm$DMH+0x000000010020e800'
Event: 14.169 Thread 0x00000200ecabb020 Unloading class 0x000000010020c000 'java/lang/invoke/LambdaForm$DMH+0x000000010020c000'

Classes redefined (0 events):
No events

Internal exceptions (20 events):
Event: 20.921 Thread 0x00000200eeb363e0 Exception <a 'sun/nio/fs/WindowsException'{0x00000000eba5adb0}> (0x00000000eba5adb0) 
thrown [s\src\hotspot\share\prims\jni.cpp, line 516]
Event: 20.927 Thread 0x00000200eeb363e0 Exception <a 'sun/nio/fs/WindowsException'{0x00000000eba60b68}> (0x00000000eba60b68) 
thrown [s\src\hotspot\share\prims\jni.cpp, line 516]
Event: 20.956 Thread 0x00000200eeb363e0 Exception <a 'sun/nio/fs/WindowsException'{0x00000000eba6d270}> (0x00000000eba6d270) 
thrown [s\src\hotspot\share\prims\jni.cpp, line 516]
Event: 21.178 Thread 0x00000200eeb363e0 Exception <a 'sun/nio/fs/WindowsException'{0x00000000ebaca180}> (0x00000000ebaca180) 
thrown [s\src\hotspot\share\prims\jni.cpp, line 516]
Event: 21.303 Thread 0x00000200eeb363e0 Exception <a 'sun/nio/fs/WindowsException'{0x00000000ebb0bee0}> (0x00000000ebb0bee0) 
thrown [s\src\hotspot\share\prims\jni.cpp, line 516]
Event: 21.306 Thread 0x00000200eeb363e0 Exception <a 'sun/nio/fs/WindowsException'{0x00000000ebb12770}> (0x00000000ebb12770) 
thrown [s\src\hotspot\share\prims\jni.cpp, line 516]
Event: 21.321 Thread 0x00000200eeb363e0 Exception <a 'sun/nio/fs/WindowsException'{0x00000000ebb22978}> (0x00000000ebb22978) 
thrown [s\src\hotspot\share\prims\jni.cpp, line 516]
Event: 21.321 Thread 0x00000200eeb363e0 Exception <a 'sun/nio/fs/WindowsException'{0x00000000ebb242b8}> (0x00000000ebb242b8) 
thrown [s\src\hotspot\share\prims\jni.cpp, line 516]
Event: 21.321 Thread 0x00000200eeb363e0 Exception <a 'sun/nio/fs/WindowsException'{0x00000000ebb247d0}> (0x00000000ebb247d0) 
thrown [s\src\hotspot\share\prims\jni.cpp, line 516]
Event: 21.322 Thread 0x00000200eeb363e0 Exception <a 'sun/nio/fs/WindowsException'{0x00000000ebb24c08}> (0x00000000ebb24c08) 
thrown [s\src\hotspot\share\prims\jni.cpp, line 516]
Event: 21.322 Thread 0x00000200eeb363e0 Exception <a 'sun/nio/fs/WindowsException'{0x00000000ebb253c0}> (0x00000000ebb253c0) 
thrown [s\src\hotspot\share\prims\jni.cpp, line 516]
Event: 21.330 Thread 0x00000200eeb363e0 Exception <a 'java/io/FileNotFoundException'{0x00000000ebb2ed88}> (0x00000000ebb2ed88) 
thrown [s\src\hotspot\share\prims\jni.cpp, line 516]
Event: 21.369 Thread 0x00000200eeb363e0 Exception <a 'sun/nio/fs/WindowsException'{0x00000000ebb79c48}> (0x00000000ebb79c48) 
thrown [s\src\hotspot\share\prims\jni.cpp, line 516]
Event: 21.486 Thread 0x00000200eeb363e0 Exception <a 'java/io/FileNotFoundException'{0x00000000ebbf8818}> (0x00000000ebbf8818) 
thrown [s\src\hotspot\share\prims\jni.cpp, line 516]
Event: 21.489 Thread 0x00000200eeb363e0 Exception <a 'java/io/FileNotFoundException'{0x00000000ebc06ca8}> (0x00000000ebc06ca8) 
thrown [s\src\hotspot\share\prims\jni.cpp, line 516]
Event: 21.489 Thread 0x00000200eeb363e0 Exception <a 'java/io/FileNotFoundException'{0x00000000ebc088f8}> (0x00000000ebc088f8) 
thrown [s\src\hotspot\share\prims\jni.cpp, line 516]
Event: 21.493 Thread 0x00000200eeb363e0 Exception <a 'sun/nio/fs/WindowsException'{0x00000000ebc16fb0}> (0x00000000ebc16fb0) 
thrown [s\src\hotspot\share\prims\jni.cpp, line 516]
Event: 21.751 Thread 0x00000200eeb363e0 Exception <a 'java/lang/NoSuchMethodError'{0x00000000ebe1e060}: 'java.lang.Object java.lang.invoke.Invokers$Holder.invoke_MT(java.lang.Object, java.lang.Object, java.lang.Object)'> (0x00000000ebe1e060) 
thrown [s\src\hotspot\share\interpreter\linkResolver.cpp, line 759]
Event: 28.312 Thread 0x00000200eeb34230 Exception <a 'java/lang/ClassNotFoundException'{0x00000000eb074dd0}: com/sun/org/apache/xerces/internal/impl/msg/spi/DOMMessagesProvider> (0x00000000eb074dd0) 
thrown [s\src\hotspot\share\classfile\systemDictionary.cpp, line 256]
Event: 28.345 Thread 0x00000200eeb34230 Exception <a 'java/lang/ClassNotFoundException'{0x00000000eb086788}: com/sun/org/apache/xerces/internal/impl/msg/spi/XMLSerializerMessagesProvider> (0x00000000eb086788) 
thrown [s\src\hotspot\share\classfile\systemDictionary.cpp, line 256]

VM Operations (20 events):
Event: 19.053 Executing VM operation: Cleanup
Event: 19.053 Executing VM operation: Cleanup done
Event: 19.603 Executing VM operation: ParallelGCFailedAllocation
Event: 19.605 Executing VM operation: ParallelGCFailedAllocation done
Event: 19.765 Executing VM operation: HandshakeAllThreads
Event: 19.765 Executing VM operation: HandshakeAllThreads done
Event: 20.020 Executing VM operation: HandshakeAllThreads
Event: 20.020 Executing VM operation: HandshakeAllThreads done
Event: 21.025 Executing VM operation: Cleanup
Event: 21.025 Executing VM operation: Cleanup done
Event: 21.602 Executing VM operation: HandshakeAllThreads
Event: 21.602 Executing VM operation: HandshakeAllThreads done
Event: 21.723 Executing VM operation: HandshakeAllThreads
Event: 21.723 Executing VM operation: HandshakeAllThreads done
Event: 21.780 Executing VM operation: CollectForMetadataAllocation
Event: 21.824 Executing VM operation: CollectForMetadataAllocation done
Event: 21.844 Executing VM operation: HandshakeAllThreads
Event: 21.844 Executing VM operation: HandshakeAllThreads done
Event: 22.850 Executing VM operation: Cleanup
Event: 22.851 Executing VM operation: Cleanup done

Events (20 events):
Event: 22.196 loading class java/nio/file/FileVisitResult
Event: 22.197 loading class java/nio/file/FileVisitResult done
Event: 28.277 loading class com/sun/org/apache/xerces/internal/dom/DOMMessageFormatter
Event: 28.311 loading class com/sun/org/apache/xerces/internal/dom/DOMMessageFormatter done
Event: 28.312 loading class com/sun/org/apache/xerces/internal/impl/msg/DOMMessages
Event: 28.312 loading class com/sun/org/apache/xerces/internal/impl/msg/DOMMessages done
Event: 28.312 loading class com/sun/org/apache/xerces/internal/impl/msg/DOMMessages
Event: 28.312 loading class com/sun/org/apache/xerces/internal/impl/msg/DOMMessages done
Event: 28.344 loading class com/sun/org/apache/xerces/internal/impl/msg/DOMMessages_tr
Event: 28.344 loading class com/sun/org/apache/xerces/internal/impl/msg/DOMMessages_tr done
Event: 28.344 loading class com/sun/org/apache/xerces/internal/impl/msg/DOMMessages_tr
Event: 28.344 loading class com/sun/org/apache/xerces/internal/impl/msg/DOMMessages_tr done
Event: 28.344 loading class com/sun/org/apache/xerces/internal/impl/msg/DOMMessages_tr_TR
Event: 28.344 loading class com/sun/org/apache/xerces/internal/impl/msg/DOMMessages_tr_TR done
Event: 28.344 loading class com/sun/org/apache/xerces/internal/impl/msg/DOMMessages_tr_TR
Event: 28.344 loading class com/sun/org/apache/xerces/internal/impl/msg/DOMMessages_tr_TR done
Event: 28.345 loading class com/sun/org/apache/xerces/internal/impl/msg/XMLSerializerMessages
Event: 28.345 loading class com/sun/org/apache/xerces/internal/impl/msg/XMLSerializerMessages done
Event: 28.345 loading class com/sun/org/apache/xerces/internal/impl/msg/XMLSerializerMessages
Event: 28.345 loading class com/sun/org/apache/xerces/internal/impl/msg/XMLSerializerMessages done


Dynamic libraries:
0x00007ff6f96a0000 - 0x00007ff6f96ae000 	c:\Users\Alpay\.vscode\extensions\redhat.java-1.11.0-win32-x64\jre\17.0.4.1-win32-x86_64\bin\java.exe
0x00007ffdf7510000 - 0x00007ffdf7708000 	C:\WINDOWS\SYSTEM32\ntdll.dll
0x00007ffdf55a0000 - 0x00007ffdf565d000 	C:\WINDOWS\System32\KERNEL32.DLL
0x00007ffdf4ed0000 - 0x00007ffdf51a2000 	C:\WINDOWS\System32\KERNELBASE.dll
0x00007ffdf4ce0000 - 0x00007ffdf4de0000 	C:\WINDOWS\System32\ucrtbase.dll
0x00007ffdef000000 - 0x00007ffdef018000 	c:\Users\Alpay\.vscode\extensions\redhat.java-1.11.0-win32-x64\jre\17.0.4.1-win32-x86_64\bin\jli.dll
0x00007ffdf5a80000 - 0x00007ffdf5c1d000 	C:\WINDOWS\System32\USER32.dll
0x00007ffdf4ea0000 - 0x00007ffdf4ec2000 	C:\WINDOWS\System32\win32u.dll
0x00007ffdf5570000 - 0x00007ffdf559b000 	C:\WINDOWS\System32\GDI32.dll
0x00007ffdf53b0000 - 0x00007ffdf54bf000 	C:\WINDOWS\System32\gdi32full.dll
0x00007ffdf51b0000 - 0x00007ffdf524d000 	C:\WINDOWS\System32\msvcp_win.dll
0x00007ffdee2a0000 - 0x00007ffdee2b9000 	c:\Users\Alpay\.vscode\extensions\redhat.java-1.11.0-win32-x64\jre\17.0.4.1-win32-x86_64\bin\VCRUNTIME140.dll
0x00007ffde3a00000 - 0x00007ffde3c9a000 	C:\WINDOWS\WinSxS\amd64_microsoft.windows.common-controls_6595b64144ccf1df_6.0.19041.1110_none_60b5254171f9507e\COMCTL32.dll
0x00007ffdf7430000 - 0x00007ffdf74ce000 	C:\WINDOWS\System32\msvcrt.dll
0x00007ffdf6f20000 - 0x00007ffdf6f50000 	C:\WINDOWS\System32\IMM32.DLL
0x00007ffdf2370000 - 0x00007ffdf237c000 	c:\Users\Alpay\.vscode\extensions\redhat.java-1.11.0-win32-x64\jre\17.0.4.1-win32-x86_64\bin\vcruntime140_1.dll
0x00007ffdc2720000 - 0x00007ffdc27b1000 	c:\Users\Alpay\.vscode\extensions\redhat.java-1.11.0-win32-x64\jre\17.0.4.1-win32-x86_64\bin\msvcp140.dll
0x00007ffd9e5e0000 - 0x00007ffd9f226000 	c:\Users\Alpay\.vscode\extensions\redhat.java-1.11.0-win32-x64\jre\17.0.4.1-win32-x86_64\bin\server\jvm.dll
0x00007ffdf5fd0000 - 0x00007ffdf607e000 	C:\WINDOWS\System32\ADVAPI32.dll
0x00007ffdf6580000 - 0x00007ffdf661c000 	C:\WINDOWS\System32\sechost.dll
0x00007ffdf58c0000 - 0x00007ffdf59e5000 	C:\WINDOWS\System32\RPCRT4.dll
0x00007ffdf7420000 - 0x00007ffdf7428000 	C:\WINDOWS\System32\PSAPI.DLL
0x00007ffde2f80000 - 0x00007ffde2f89000 	C:\WINDOWS\SYSTEM32\WSOCK32.dll
0x00007ffdf60e0000 - 0x00007ffdf614b000 	C:\WINDOWS\System32\WS2_32.dll
0x00007ffde1210000 - 0x00007ffde1237000 	C:\WINDOWS\SYSTEM32\WINMM.dll
0x00007ffdea260000 - 0x00007ffdea26a000 	C:\WINDOWS\SYSTEM32\VERSION.dll
0x00007ffdf2aa0000 - 0x00007ffdf2ab2000 	C:\WINDOWS\SYSTEM32\kernel.appcore.dll
0x00007ffdf0870000 - 0x00007ffdf087a000 	c:\Users\Alpay\.vscode\extensions\redhat.java-1.11.0-win32-x64\jre\17.0.4.1-win32-x86_64\bin\jimage.dll
0x00007ffde92e0000 - 0x00007ffde94c4000 	C:\WINDOWS\SYSTEM32\DBGHELP.DLL
0x00007ffde9240000 - 0x00007ffde926c000 	C:\WINDOWS\SYSTEM32\dbgcore.DLL
0x00007ffdf4c20000 - 0x00007ffdf4ca2000 	C:\WINDOWS\System32\bcryptPrimitives.dll
0x00007ffdec910000 - 0x00007ffdec91e000 	c:\Users\Alpay\.vscode\extensions\redhat.java-1.11.0-win32-x64\jre\17.0.4.1-win32-x86_64\bin\instrument.dll
0x00007ffde8ee0000 - 0x00007ffde8f05000 	c:\Users\Alpay\.vscode\extensions\redhat.java-1.11.0-win32-x64\jre\17.0.4.1-win32-x86_64\bin\java.dll
0x00007ffdec8f0000 - 0x00007ffdec908000 	c:\Users\Alpay\.vscode\extensions\redhat.java-1.11.0-win32-x64\jre\17.0.4.1-win32-x86_64\bin\zip.dll
0x00007ffdf67c0000 - 0x00007ffdf6f03000 	C:\WINDOWS\System32\SHELL32.dll
0x00007ffdf2ca0000 - 0x00007ffdf3431000 	C:\WINDOWS\SYSTEM32\windows.storage.dll
0x00007ffdf6150000 - 0x00007ffdf64a4000 	C:\WINDOWS\System32\combase.dll
0x00007ffdf4680000 - 0x00007ffdf46b0000 	C:\WINDOWS\SYSTEM32\Wldp.dll
0x00007ffdf66b0000 - 0x00007ffdf675d000 	C:\WINDOWS\System32\SHCORE.dll
0x00007ffdf5860000 - 0x00007ffdf58b5000 	C:\WINDOWS\System32\shlwapi.dll
0x00007ffdf4b60000 - 0x00007ffdf4b7f000 	C:\WINDOWS\SYSTEM32\profapi.dll
0x00007ffde8ec0000 - 0x00007ffde8ed9000 	C:\Users\Alpay\.vscode\extensions\redhat.java-1.11.0-win32-x64\jre\17.0.4.1-win32-x86_64\bin\net.dll
0x00007ffde6030000 - 0x00007ffde613d000 	C:\WINDOWS\SYSTEM32\WINHTTP.dll
0x00007ffdf43a0000 - 0x00007ffdf440a000 	C:\WINDOWS\system32\mswsock.dll
0x00007ffddd250000 - 0x00007ffddd265000 	C:\Users\Alpay\.vscode\extensions\redhat.java-1.11.0-win32-x64\jre\17.0.4.1-win32-x86_64\bin\nio.dll
0x00007ffde89d0000 - 0x00007ffde89e0000 	c:\Users\Alpay\.vscode\extensions\redhat.java-1.11.0-win32-x64\jre\17.0.4.1-win32-x86_64\bin\verify.dll
0x00007ffdcb2c0000 - 0x00007ffdcb2fe000 	C:\Users\Alpay\AppData\Roaming\Code\User\globalStorage\redhat.java\1.11.0\config_ss_win\org.eclipse.equinox.launcher\org.eclipse.equinox.launcher.win32.win32.x86_64_1.2.600.v20220720-1916\eclipse_11700.dll
0x00007ffdf5cd0000 - 0x00007ffdf5dfa000 	C:\WINDOWS\System32\ole32.dll
0x00007ffde8a00000 - 0x00007ffde8a09000 	C:\Users\Alpay\.vscode\extensions\redhat.java-1.11.0-win32-x64\jre\17.0.4.1-win32-x86_64\bin\management.dll
0x00007ffde89f0000 - 0x00007ffde89fb000 	C:\Users\Alpay\.vscode\extensions\redhat.java-1.11.0-win32-x64\jre\17.0.4.1-win32-x86_64\bin\management_ext.dll
0x00007ffdf45b0000 - 0x00007ffdf45c8000 	C:\WINDOWS\SYSTEM32\CRYPTSP.dll
0x00007ffdf3c50000 - 0x00007ffdf3c84000 	C:\WINDOWS\system32\rsaenh.dll
0x00007ffdf4cb0000 - 0x00007ffdf4cd7000 	C:\WINDOWS\System32\bcrypt.dll
0x00007ffdf4b20000 - 0x00007ffdf4b4e000 	C:\WINDOWS\SYSTEM32\USERENV.dll
0x00007ffdf45d0000 - 0x00007ffdf45dc000 	C:\WINDOWS\SYSTEM32\CRYPTBASE.dll
0x00007ffdf4050000 - 0x00007ffdf408b000 	C:\WINDOWS\SYSTEM32\IPHLPAPI.DLL
0x00007ffdf6f10000 - 0x00007ffdf6f18000 	C:\WINDOWS\System32\NSI.dll
0x00007ffdeb830000 - 0x00007ffdeb847000 	C:\WINDOWS\SYSTEM32\dhcpcsvc6.DLL
0x00007ffdeb810000 - 0x00007ffdeb82d000 	C:\WINDOWS\SYSTEM32\dhcpcsvc.DLL
0x00007ffdf4090000 - 0x00007ffdf415a000 	C:\WINDOWS\SYSTEM32\DNSAPI.dll
0x00007ffdc6240000 - 0x00007ffdc6284000 	C:\Users\Alpay\AppData\Local\Temp\jna-63357053\jna1893276112177557925.dll

dbghelp: loaded successfully - version: 4.0.5 - missing functions: none
symbol engine: initialized successfully - sym options: 0x614 - pdb path: .;c:\Users\Alpay\.vscode\extensions\redhat.java-1.11.0-win32-x64\jre\17.0.4.1-win32-x86_64\bin;C:\WINDOWS\SYSTEM32;C:\WINDOWS\WinSxS\amd64_microsoft.windows.common-controls_6595b64144ccf1df_6.0.19041.1110_none_60b5254171f9507e;c:\Users\Alpay\.vscode\extensions\redhat.java-1.11.0-win32-x64\jre\17.0.4.1-win32-x86_64\bin\server;C:\Users\Alpay\AppData\Roaming\Code\User\globalStorage\redhat.java\1.11.0\config_ss_win\org.eclipse.equinox.launcher\org.eclipse.equinox.launcher.win32.win32.x86_64_1.2.600.v20220720-1916;C:\Users\Alpay\AppData\Local\Temp\jna-63357053

VM Arguments:
jvm_args: --add-modules=ALL-SYSTEM --add-opens=java.base/java.util=ALL-UNNAMED --add-opens=java.base/java.lang=ALL-UNNAMED --add-opens=java.base/sun.nio.fs=ALL-UNNAMED -Declipse.application=org.eclipse.jdt.ls.core.id1 -Dosgi.bundles.defaultStartLevel=4 -Declipse.product=org.eclipse.jdt.ls.core.product -Djava.import.generatesMetadataFilesAtProjectRoot=false -Dfile.encoding=utf8 -DwatchParentProcess=false -XX:+UseParallelGC -XX:GCTimeRatio=4 -XX:AdaptiveSizePolicyWeight=90 -Dsun.zip.disableMemoryMapping=true -Xmx1G -Xms100m -Xlog:disable -javaagent:c:\Users\Alpay\.vscode\extensions\redhat.java-1.11.0-win32-x64\lombok\lombok-1.18.24.jar 
java_command: c:\Users\Alpay\.vscode\extensions\redhat.java-1.11.0-win32-x64\server\plugins\org.eclipse.equinox.launcher_1.6.400.v20210924-0641.jar -configuration c:\Users\Alpay\AppData\Roaming\Code\User\globalStorage\redhat.java\1.11.0\config_ss_win -data c:\Users\Alpay\AppData\Roaming\Code\User\workspaceStorage\bb9ba9affe0eec1115a6a8bc6b30f833\redhat.java\ss_ws
java_class_path (initial): c:\Users\Alpay\.vscode\extensions\redhat.java-1.11.0-win32-x64\server\plugins\org.eclipse.equinox.launcher_1.6.400.v20210924-0641.jar
Launcher Type: SUN_STANDARD

[Global flags]
    uintx AdaptiveSizePolicyWeight                 = 90                                        {product} {command line}
     intx CICompilerCount                          = 3                                         {product} {ergonomic}
    uintx GCTimeRatio                              = 4                                         {product} {command line}
   size_t InitialHeapSize                          = 104857600                                 {product} {command line}
   size_t MaxHeapSize                              = 1073741824                                {product} {command line}
   size_t MaxNewSize                               = 357564416                                 {product} {ergonomic}
   size_t MinHeapDeltaBytes                        = 524288                                    {product} {ergonomic}
   size_t MinHeapSize                              = 104857600                                 {product} {command line}
   size_t NewSize                                  = 34603008                                  {product} {ergonomic}
    uintx NonNMethodCodeHeapSize                   = 5832780                                {pd product} {ergonomic}
    uintx NonProfiledCodeHeapSize                  = 122912730                              {pd product} {ergonomic}
   size_t OldSize                                  = 70254592                                  {product} {ergonomic}
    uintx ProfiledCodeHeapSize                     = 122912730                              {pd product} {ergonomic}
    uintx ReservedCodeCacheSize                    = 251658240                              {pd product} {ergonomic}
     bool SegmentedCodeCache                       = true                                      {product} {ergonomic}
   size_t SoftMaxHeapSize                          = 1073741824                             {manageable} {ergonomic}
     bool UseCompressedClassPointers               = true                           {product lp64_product} {ergonomic}
     bool UseCompressedOops                        = true                           {product lp64_product} {ergonomic}
     bool UseLargePagesIndividualAllocation        = false                                  {pd product} {ergonomic}
     bool UseParallelGC                            = true                                      {product} {command line}

Logging:
Log output configuration:
 #0: stdout all=off uptime,level,tags
 #1: stderr all=off uptime,level,tags

Environment Variables:
PATH=C:\Program Files\Eclipse Adoptium\jdk-17.0.3.7-hotspot\bin;C:\Program Files (x86)\Common Files\Oracle\Java\javapath;C:\WINDOWS\system32;C:\WINDOWS;C:\WINDOWS\System32\Wbem;C:\WINDOWS\System32\WindowsPowerShell\v1.0\;C:\WINDOWS\System32\OpenSSH\;C:\Program Files\Microsoft SQL Server\150\Tools\Binn\;C:\Program Files\dotnet\;C:\Program Files\Git\cmd;C:\Program Files\Docker\Docker\resources\bin;C:\ProgramData\DockerDesktop\version-bin;C:\Program Files\Microsoft SQL Server\Client SDK\ODBC\170\Tools\Binn\;C:\Program Files\nodejs\;C:\Users\Alpay\anaconda3;C:\Users\Alpay\anaconda3\Library\mingw-w64\bin;C:\Users\Alpay\anaconda3\Library\usr\bin;C:\Users\Alpay\anaconda3\Library\bin;C:\Users\Alpay\anaconda3\Scripts;C:\Users\Alpay\AppData\Local\Programs\Python\Python310\Scripts\;C:\Users\Alpay\AppData\Local\Programs\Python\Python310\;C:\Program Files\MySQL\MySQL Shell 8.0\bin\;C:\Users\Alpay\AppData\Local\Microsoft\WindowsApps;C:\Users\Alpay\AppData\Local\Programs\Microsoft VS Code\bin;C:\Users\Alpay\.dotnet\tools;C:\Program Files\heroku\bin;C:\Users\Alpay\AppData\Local\GitHubDesktop\bin;C:\Users\Alpay\AppData\Roaming\npm
USERNAME=Alpay
OS=Windows_NT
PROCESSOR_IDENTIFIER=Intel64 Family 6 Model 61 Stepping 4, GenuineIntel
TMP=C:\Users\Alpay\AppData\Local\Temp
TEMP=C:\Users\Alpay\AppData\Local\Temp



---------------  S Y S T E M  ---------------

OS:
 Windows 10 , 64 bit Build 19041 (10.0.19041.1889)
OS uptime: 7 days 5:00 hours
Hyper-V role detected

CPU: total 4 (initial active 4) (2 cores per cpu, 2 threads per core) family 6 model 61 stepping 4 microcode 0x2d, cx8, cmov, fxsr, ht, mmx, 3dnowpref, sse, sse2, sse3, ssse3, sse4.1, sse4.2, popcnt, lzcnt, tsc, tscinvbit, avx, avx2, aes, erms, clmul, bmi1, bmi2, adx, fma, vzeroupper, clflush, hv

Memory: 4k page, system-wide physical 12202M (1178M free)
TotalPageFile size 26430M (AvailPageFile size 3M)
current process WorkingSet (physical memory assigned to process): 139M, peak: 147M
current process commit charge ("private bytes"): 228M, peak: 241M

vm_info: OpenJDK 64-Bit Server VM (17.0.4.1+1) for windows-amd64 JRE (17.0.4.1+1), built on Aug 17 2022 07:42:43 by "temurin" with MS VC++ 16.7 (VS2019)

END.
